<?xml version="1.0" encoding="UTF-8"?>
<testsuite xmlns:xsi="http://www.w3.org/2001/XMLSchema-instance" xsi:noNamespaceSchemaLocation="https://maven.apache.org/surefire/maven-surefire-plugin/xsd/surefire-test-report.xsd" version="3.0.2" name="com.example.demo.MusiccrudApplicationTests" time="4.043" tests="1" errors="0" skipped="0" failures="0">
  <properties>
[...]
</properties>
  <testcase name="contextLoads" classname="com.example.demo.MusiccrudApplicationTests" time="0.421">
    <system-out><![CDATA[14:11:59.916 [main] INFO org.springframework.test.context.support.AnnotationConfigContextLoaderUtils -- Could not detect default configuration classes for test class [com.example.demo.MusiccrudApplicationTests]: MusiccrudApplicationTests does not declare any static, non-private, non-final, nested classes annotated with @Configuration.
14:12:00.004 [main] INFO org.springframework.boot.test.context.SpringBootTestContextBootstrapper -- Found @SpringBootConfiguration com.example.demo.MusicCrudApplication for test class com.example.demo.MusiccrudApplicationTests
14:12:00.114 [main] INFO org.springframework.boot.devtools.restart.RestartApplicationListener -- Restart disabled due to context in which it is running

  .   ____          _            __ _ _
 /\\ / ___'_ __ _ _(_)_ __  __ _ \ \ \ \
( ( )\___ | '_ | '_| | '_ \/ _` | \ \ \ \
 \\/  ___)| |_)| | | | | || (_| |  ) ) ) )
  '  |____| .__|_| |_|_| |_\__, | / / / /
 =========|_|==============|___/=/_/_/_/

 :: Spring Boot ::                (v3.4.1)

2025-01-22T14:12:00.315-03:00  INFO 54383 --- [musiccrud] [           main] c.e.demo.MusiccrudApplicationTests       : Starting MusiccrudApplicationTests using Java 21.0.5 with PID 54383 (started by vitor in /home/vitor/Projetos/music-crud/demo)
2025-01-22T14:12:00.316-03:00  INFO 54383 --- [musiccrud] [           main] c.e.demo.MusiccrudApplicationTests       : No active profile set, falling back to 1 default profile: "default"
2025-01-22T14:12:00.853-03:00  INFO 54383 --- [musiccrud] [           main] .s.d.r.c.RepositoryConfigurationDelegate : Bootstrapping Spring Data JPA repositories in DEFAULT mode.
2025-01-22T14:12:00.900-03:00  INFO 54383 --- [musiccrud] [           main] .s.d.r.c.RepositoryConfigurationDelegate : Finished Spring Data repository scanning in 37 ms. Found 2 JPA repository interfaces.
2025-01-22T14:12:01.328-03:00  INFO 54383 --- [musiccrud] [           main] com.zaxxer.hikari.HikariDataSource       : HikariPool-1 - Starting...
2025-01-22T14:12:01.626-03:00  INFO 54383 --- [musiccrud] [           main] com.zaxxer.hikari.pool.HikariPool        : HikariPool-1 - Added connection org.postgresql.jdbc.PgConnection@4def7d36
2025-01-22T14:12:01.627-03:00  INFO 54383 --- [musiccrud] [           main] com.zaxxer.hikari.HikariDataSource       : HikariPool-1 - Start completed.
2025-01-22T14:12:01.657-03:00  INFO 54383 --- [musiccrud] [           main] org.flywaydb.core.FlywayExecutor         : Database: jdbc:postgresql://localhost:5432/music_crud (PostgreSQL 16.6)
2025-01-22T14:12:01.711-03:00  INFO 54383 --- [musiccrud] [           main] o.f.core.internal.command.DbValidate     : Successfully validated 7 migrations (execution time 00:00.026s)
2025-01-22T14:12:01.764-03:00  INFO 54383 --- [musiccrud] [           main] o.f.core.internal.command.DbMigrate      : Current version of schema "public": 7
2025-01-22T14:12:01.767-03:00  INFO 54383 --- [musiccrud] [           main] o.f.core.internal.command.DbMigrate      : Schema "public" is up to date. No migration necessary.
2025-01-22T14:12:01.861-03:00  INFO 54383 --- [musiccrud] [           main] o.hibernate.jpa.internal.util.LogHelper  : HHH000204: Processing PersistenceUnitInfo [name: default]
2025-01-22T14:12:01.904-03:00  INFO 54383 --- [musiccrud] [           main] org.hibernate.Version                    : HHH000412: Hibernate ORM core version 6.6.4.Final
2025-01-22T14:12:01.933-03:00  INFO 54383 --- [musiccrud] [           main] o.h.c.internal.RegionFactoryInitiator    : HHH000026: Second-level cache disabled
2025-01-22T14:12:02.148-03:00  INFO 54383 --- [musiccrud] [           main] o.s.o.j.p.SpringPersistenceUnitInfo      : No LoadTimeWeaver setup: ignoring JPA class transformer
2025-01-22T14:12:02.222-03:00  INFO 54383 --- [musiccrud] [           main] org.hibernate.orm.connections.pooling    : HHH10001005: Database info:
	Database JDBC URL [Connecting through datasource 'HikariDataSource (HikariPool-1)']
	Database driver: undefined/unknown
	Database version: 16.6
	Autocommit mode: undefined/unknown
	Isolation level: undefined/unknown
	Minimum pool size: undefined/unknown
	Maximum pool size: undefined/unknown
2025-01-22T14:12:02.832-03:00  INFO 54383 --- [musiccrud] [           main] o.h.e.t.j.p.i.JtaPlatformInitiator       : HHH000489: No JTA platform available (set 'hibernate.transaction.jta.platform' to enable JTA platform integration)
2025-01-22T14:12:02.835-03:00  INFO 54383 --- [musiccrud] [           main] j.LocalContainerEntityManagerFactoryBean : Initialized JPA EntityManagerFactory for persistence unit 'default'
2025-01-22T14:12:03.117-03:00  WARN 54383 --- [musiccrud] [           main] JpaBaseConfiguration$JpaWebConfiguration : spring.jpa.open-in-view is enabled by default. Therefore, database queries may be performed during view rendering. Explicitly configure spring.jpa.open-in-view to disable this warning
2025-01-22T14:12:03.404-03:00  INFO 54383 --- [musiccrud] [           main] c.e.demo.MusiccrudApplicationTests       : Started MusiccrudApplicationTests in 3.298 seconds (process running for 3.988)
]]></system-out>
    <system-err><![CDATA[Mockito is currently self-attaching to enable the inline-mock-maker. This will no longer work in future releases of the JDK. Please add Mockito as an agent to your build what is described in Mockito's documentation: https://javadoc.io/doc/org.mockito/mockito-core/latest/org/mockito/Mockito.html#0.3
WARNING: A Java agent has been loaded dynamically (/home/vitor/.m2/repository/net/bytebuddy/byte-buddy-agent/1.15.11/byte-buddy-agent-1.15.11.jar)
WARNING: If a serviceability tool is in use, please run with -XX:+EnableDynamicAgentLoading to hide this warning
WARNING: If a serviceability tool is not in use, please run with -Djdk.instrument.traceUsage for more information
WARNING: Dynamic loading of agents will be disallowed by default in a future release
]]></system-err>
  </testcase>
</testsuite>